Start testing: May 16 03:57 UTC
----------------------------------------------------------
1/1 Testing: GameTests
1/1 Test: GameTests
Command: "/workspaces/astro_strudy_buddy/build/tests"
Directory: /workspaces/astro_strudy_buddy/build
"GameTests" start time: May 16 03:57 UTC
Output:
----------------------------------------------------------
<end of output>
Test time =   0.01 sec
----------------------------------------------------------
Test Passed.
"GameTests" end time: May 16 03:57 UTC
"GameTests" time elapsed: 00:00:00
----------------------------------------------------------

End testing: May 16 03:57 UTC
