Start testing: May 18 04:47 UTC
----------------------------------------------------------
1/1 Testing: GameTests
1/1 Test: GameTests
Command: "/workspaces/astro_strudy_buddy/build/tests"
Directory: /workspaces/astro_strudy_buddy/build
"GameTests" start time: May 18 04:47 UTC
Output:
----------------------------------------------------------
Question hint test... PASSED
Empty hint test... PASSED
Reveal hints and attempts test... PASSED
Retry reward health limit test... PASSED

All tests passed!
<end of output>
Test time =   0.00 sec
----------------------------------------------------------
Test Passed.
"GameTests" end time: May 18 04:47 UTC
"GameTests" time elapsed: 00:00:00
----------------------------------------------------------

End testing: May 18 04:47 UTC
